2026-01-20 00:33:48,563 - [INFO] - [DATA] Loaded 17 items.
2026-01-20 00:33:48,563 - [INFO] - [DATA] Loaded 110 tiles.
2026-01-20 00:33:48,563 - [INFO] - [DATA] Loaded 5 roles.
2026-01-20 00:33:48,842 - [INFO] - [SYSTEM] Game Engine Initializing...
2026-01-20 00:33:48,878 - [INFO] - [SYSTEM] Engine Loop Started
2026-01-20 00:33:48,882 - [INFO] - [DATA] Loaded 17 items.
2026-01-20 00:33:48,882 - [INFO] - [DATA] Loaded 110 tiles.
2026-01-20 00:33:48,883 - [INFO] - [DATA] Loaded 5 roles.
2026-01-20 00:33:50,475 - [INFO] - [PLAY] Entering PlayState...
2026-01-20 00:33:50,480 - [INFO] - [PLAYER] Initialized at (100, 100) Role: CITIZEN
2026-01-20 00:33:50,491 - [INFO] - [PLAYER] Role changed to CITIZEN (FARMER)
2026-01-20 00:34:06,969 - [DEBUG] - [INPUT] E Key Pressed
2026-01-20 00:34:07,068 - [DEBUG] - [INPUT] E Key Released (Hold: 99ms) Target: (19, 10)
2026-01-20 00:34:07,527 - [DEBUG] - [INPUT] E Key Pressed
2026-01-20 00:34:07,607 - [DEBUG] - [INPUT] E Key Released (Hold: 80ms) Target: (19, 10)
2026-01-20 00:34:07,917 - [DEBUG] - [INPUT] E Key Pressed
2026-01-20 00:34:07,982 - [DEBUG] - [INPUT] E Key Released (Hold: 65ms) Target: (19, 10)
2026-01-20 00:34:08,246 - [DEBUG] - [INPUT] E Key Pressed
2026-01-20 00:34:08,295 - [DEBUG] - [INPUT] E Key Released (Hold: 49ms) Target: (19, 10)
2026-01-20 00:34:08,970 - [DEBUG] - [INPUT] E Key Pressed
2026-01-20 00:34:09,035 - [DEBUG] - [INPUT] E Key Released (Hold: 65ms) Target: (19, 10)
2026-01-20 00:34:09,182 - [DEBUG] - [INPUT] E Key Pressed
2026-01-20 00:34:09,298 - [DEBUG] - [INPUT] E Key Released (Hold: 116ms) Target: (19, 10)
2026-01-20 00:34:09,432 - [DEBUG] - [INPUT] E Key Pressed
2026-01-20 00:34:09,499 - [DEBUG] - [INPUT] E Key Released (Hold: 67ms) Target: (19, 10)
2026-01-20 00:34:09,633 - [DEBUG] - [INPUT] E Key Pressed
2026-01-20 00:34:09,681 - [DEBUG] - [INPUT] E Key Released (Hold: 49ms) Target: (19, 10)
2026-01-20 00:34:09,813 - [DEBUG] - [INPUT] E Key Pressed
2026-01-20 00:34:09,864 - [DEBUG] - [INPUT] E Key Released (Hold: 50ms) Target: (19, 10)
2026-01-20 00:34:09,997 - [DEBUG] - [INPUT] E Key Pressed
2026-01-20 00:34:10,047 - [DEBUG] - [INPUT] E Key Released (Hold: 50ms) Target: (19, 10)
2026-01-20 00:34:10,181 - [DEBUG] - [INPUT] E Key Pressed
2026-01-20 00:34:10,263 - [DEBUG] - [INPUT] E Key Released (Hold: 81ms) Target: (19, 10)
2026-01-20 00:34:10,445 - [INFO] - [PLAYER] Morning Process Complete
2026-01-20 00:34:10,823 - [DEBUG] - [INPUT] E Key Pressed
2026-01-20 00:34:10,890 - [DEBUG] - [INPUT] E Key Released (Hold: 66ms) Target: (20, 11)
2026-01-20 00:34:14,410 - [INFO] - [SYSTEM] Engine Shutting Down
