2026-01-17 15:11:48,925 - [INFO] - [DATA] Loaded 17 items.
2026-01-17 15:11:48,941 - [INFO] - [DATA] Loaded 110 tiles.
2026-01-17 15:11:48,941 - [INFO] - [DATA] Loaded 5 roles.
2026-01-17 15:11:49,330 - [INFO] - [SYSTEM] Game Engine Initializing...
2026-01-17 15:11:49,373 - [INFO] - [SYSTEM] Engine Loop Started
2026-01-17 15:11:56,904 - [INFO] - [PLAY] Entering PlayState...
2026-01-17 15:11:56,952 - [INFO] - [PLAYER] Initialized at (1536, 1632) Role: CITIZEN
2026-01-17 15:11:56,952 - [INFO] - [PLAYER] Role changed to CITIZEN (MINER)
2026-01-17 15:11:58,453 - [INFO] - [PLAYER] Morning Process Complete
2026-01-17 15:12:00,587 - [DEBUG] - [INPUT] E Key Pressed
2026-01-17 15:12:00,688 - [DEBUG] - [INPUT] E Key Released (Hold: 98ms) Target: (54, 45)
2026-01-17 15:12:01,422 - [DEBUG] - [INPUT] E Key Pressed
2026-01-17 15:12:01,518 - [DEBUG] - [INPUT] E Key Released (Hold: 95ms) Target: (53, 45)
2026-01-17 15:12:01,523 - [INFO] - [PLAYER] Interact with 8321006 at (53, 45) Mode: short
2026-01-17 15:12:02,739 - [DEBUG] - [INPUT] E Key Pressed
2026-01-17 15:12:02,852 - [DEBUG] - [INPUT] E Key Released (Hold: 113ms) Target: (53, 45)
2026-01-17 15:12:02,857 - [INFO] - [PLAYER] Interact with 8321006 at (53, 45) Mode: short
2026-01-17 15:12:18,625 - [DEBUG] - [INPUT] E Key Pressed
2026-01-17 15:12:18,723 - [DEBUG] - [INPUT] E Key Released (Hold: 96ms) Target: (95, 6)
2026-01-17 15:12:18,727 - [INFO] - [PLAYER] Interact with 9322004 at (95, 6) Mode: short
2026-01-17 15:12:21,733 - [DEBUG] - [INPUT] E Key Pressed
2026-01-17 15:12:21,847 - [DEBUG] - [INPUT] E Key Released (Hold: 114ms) Target: (92, 6)
2026-01-17 15:12:21,847 - [INFO] - [PLAYER] Interact with 9322004 at (92, 6) Mode: short
2026-01-17 15:12:22,517 - [INFO] - [PLAYER] Morning Process Complete
2026-01-17 15:12:25,686 - [DEBUG] - [INPUT] E Key Pressed
2026-01-17 15:12:25,802 - [DEBUG] - [INPUT] E Key Released (Hold: 116ms) Target: (87, 5)
2026-01-17 15:12:25,807 - [INFO] - [PLAYER] Interact with 9322005 at (87, 5) Mode: short
2026-01-17 15:12:28,299 - [DEBUG] - [INPUT] E Key Pressed
2026-01-17 15:12:28,421 - [DEBUG] - [INPUT] E Key Released (Hold: 122ms) Target: (91, 5)
2026-01-17 15:12:28,426 - [INFO] - [PLAYER] Interact with 9322004 at (91, 5) Mode: short
2026-01-17 15:12:31,057 - [DEBUG] - [INPUT] E Key Pressed
2026-01-17 15:12:31,174 - [DEBUG] - [INPUT] E Key Released (Hold: 117ms) Target: (87, 5)
2026-01-17 15:12:31,177 - [INFO] - [PLAYER] Interact with 9322005 at (87, 5) Mode: short
2026-01-17 15:12:32,842 - [DEBUG] - [INPUT] E Key Pressed
2026-01-17 15:12:32,972 - [DEBUG] - [INPUT] E Key Released (Hold: 131ms) Target: (87, 5)
2026-01-17 15:12:34,188 - [DEBUG] - [INPUT] E Key Pressed
2026-01-17 15:12:34,268 - [DEBUG] - [INPUT] E Key Released (Hold: 80ms) Target: (87, 5)
2026-01-17 15:12:35,041 - [DEBUG] - [INPUT] E Key Pressed
2026-01-17 15:12:35,120 - [DEBUG] - [INPUT] E Key Released (Hold: 79ms) Target: (87, 5)
2026-01-17 15:12:35,480 - [DEBUG] - [INPUT] E Key Pressed
2026-01-17 15:12:35,582 - [DEBUG] - [INPUT] E Key Released (Hold: 101ms) Target: (87, 5)
2026-01-17 15:12:35,582 - [INFO] - [PLAYER] Interact with 9322005 at (87, 5) Mode: short
2026-01-17 15:12:35,826 - [DEBUG] - [INPUT] E Key Pressed
2026-01-17 15:12:35,891 - [DEBUG] - [INPUT] E Key Released (Hold: 64ms) Target: (87, 5)
2026-01-17 15:12:35,891 - [INFO] - [PLAYER] Interact with 9322005 at (87, 5) Mode: short
2026-01-17 15:12:36,318 - [DEBUG] - [INPUT] E Key Pressed
2026-01-17 15:12:36,385 - [DEBUG] - [INPUT] E Key Released (Hold: 66ms) Target: (87, 5)
2026-01-17 15:12:36,385 - [INFO] - [PLAYER] Interact with 9322005 at (87, 5) Mode: short
2026-01-17 15:12:36,498 - [DEBUG] - [INPUT] E Key Pressed
2026-01-17 15:12:36,583 - [DEBUG] - [INPUT] E Key Released (Hold: 83ms) Target: (87, 5)
2026-01-17 15:12:36,584 - [INFO] - [PLAYER] Interact with 9322005 at (87, 5) Mode: short
2026-01-17 15:12:36,683 - [DEBUG] - [INPUT] E Key Pressed
2026-01-17 15:12:36,747 - [DEBUG] - [INPUT] E Key Released (Hold: 65ms) Target: (87, 5)
2026-01-17 15:12:36,748 - [INFO] - [PLAYER] Interact with 9322005 at (87, 5) Mode: short
2026-01-17 15:12:38,438 - [INFO] - [SYSTEM] Engine Shutting Down
