2026-01-17 23:12:37,929 - [INFO] - [DATA] Loaded 17 items.
2026-01-17 23:12:37,929 - [INFO] - [DATA] Loaded 110 tiles.
2026-01-17 23:12:37,930 - [INFO] - [DATA] Loaded 5 roles.
2026-01-17 23:12:38,114 - [INFO] - [SYSTEM] Game Engine Initializing...
2026-01-17 23:12:38,140 - [INFO] - [SYSTEM] Engine Loop Started
2026-01-17 23:12:42,553 - [INFO] - [PLAY] Entering PlayState...
2026-01-17 23:12:42,567 - [INFO] - [PLAYER] Initialized at (1632, 1568) Role: CITIZEN
2026-01-17 23:12:42,569 - [INFO] - [PLAYER] Role changed to CITIZEN (MINER)
2026-01-17 23:13:02,555 - [INFO] - [PLAYER] Morning Process Complete
2026-01-17 23:13:18,493 - [DEBUG] - [INPUT] E Key Pressed
2026-01-17 23:13:18,855 - [DEBUG] - [INPUT] E Key Released (Hold: 362ms) Target: (84, 2)
2026-01-17 23:13:18,857 - [INFO] - [PLAYER] Interact with 9322005 at (84, 2) Mode: short
2026-01-17 23:13:19,705 - [DEBUG] - [INPUT] E Key Pressed
2026-01-17 23:13:19,786 - [DEBUG] - [INPUT] E Key Released (Hold: 82ms) Target: (82, 1)
2026-01-17 23:13:19,788 - [INFO] - [PLAYER] Interact with 9322005 at (82, 1) Mode: short
2026-01-17 23:13:21,220 - [DEBUG] - [INPUT] E Key Pressed
2026-01-17 23:13:21,335 - [DEBUG] - [INPUT] E Key Released (Hold: 116ms) Target: (85, 5)
2026-01-17 23:13:23,079 - [DEBUG] - [INPUT] E Key Pressed
2026-01-17 23:13:23,177 - [DEBUG] - [INPUT] E Key Released (Hold: 98ms) Target: (87, 5)
2026-01-17 23:13:23,179 - [INFO] - [PLAYER] Interact with 9322005 at (87, 5) Mode: short
2026-01-17 23:13:24,141 - [DEBUG] - [INPUT] E Key Pressed
2026-01-17 23:13:24,241 - [DEBUG] - [INPUT] E Key Released (Hold: 99ms) Target: (90, 2)
2026-01-17 23:13:24,241 - [INFO] - [PLAYER] Interact with 9322004 at (90, 2) Mode: short
2026-01-17 23:13:27,673 - [INFO] - [SYSTEM] Engine Shutting Down
