2026-01-17 18:10:51,802 - [INFO] - [DATA] Loaded 17 items.
2026-01-17 18:10:51,803 - [INFO] - [DATA] Loaded 110 tiles.
2026-01-17 18:10:51,803 - [INFO] - [DATA] Loaded 5 roles.
2026-01-17 18:10:51,973 - [INFO] - [SYSTEM] Game Engine Initializing...
2026-01-17 18:10:52,010 - [INFO] - [SYSTEM] Engine Loop Started
2026-01-17 18:10:56,035 - [INFO] - [PLAY] Entering PlayState...
2026-01-17 18:10:56,076 - [INFO] - [PLAYER] Initialized at (1472, 1600) Role: CITIZEN
2026-01-17 18:10:56,076 - [INFO] - [PLAYER] Role changed to CITIZEN (MINER)
2026-01-17 18:11:07,843 - [DEBUG] - [INPUT] E Key Pressed
2026-01-17 18:11:07,987 - [DEBUG] - [INPUT] E Key Released (Hold: 148ms) Target: (55, 96)
2026-01-17 18:11:07,987 - [INFO] - [PLAYER] Interact with 5321206 at (55, 96) Mode: short
2026-01-17 18:11:15,668 - [INFO] - [PLAYER] Morning Process Complete
2026-01-17 18:11:18,821 - [DEBUG] - [INPUT] E Key Pressed
2026-01-17 18:11:18,898 - [DEBUG] - [INPUT] E Key Released (Hold: 82ms) Target: (56, 96)
2026-01-17 18:11:18,898 - [INFO] - [PLAYER] Interact with 5321206 at (56, 96) Mode: short
2026-01-17 18:11:20,715 - [DEBUG] - [INPUT] E Key Pressed
2026-01-17 18:11:20,799 - [DEBUG] - [INPUT] E Key Released (Hold: 83ms) Target: (51, 91)
2026-01-17 18:11:28,989 - [DEBUG] - [INPUT] E Key Pressed
2026-01-17 18:11:29,064 - [DEBUG] - [INPUT] E Key Released (Hold: 71ms) Target: (52, 45)
2026-01-17 18:11:29,070 - [INFO] - [PLAYER] Interact with 8321006 at (52, 45) Mode: short
2026-01-17 18:11:31,712 - [DEBUG] - [INPUT] E Key Pressed
2026-01-17 18:11:31,799 - [DEBUG] - [INPUT] E Key Released (Hold: 93ms) Target: (52, 45)
2026-01-17 18:11:31,800 - [INFO] - [PLAYER] Interact with 8321006 at (52, 45) Mode: short
2026-01-17 18:11:31,923 - [DEBUG] - [INPUT] E Key Pressed
2026-01-17 18:11:32,040 - [DEBUG] - [INPUT] E Key Released (Hold: 121ms) Target: (52, 45)
2026-01-17 18:11:32,051 - [INFO] - [PLAYER] Interact with 8321006 at (52, 45) Mode: short
2026-01-17 18:11:32,747 - [DEBUG] - [INPUT] E Key Pressed
2026-01-17 18:11:32,888 - [DEBUG] - [INPUT] E Key Released (Hold: 137ms) Target: (52, 45)
2026-01-17 18:11:32,894 - [INFO] - [PLAYER] Interact with 8321006 at (52, 45) Mode: short
2026-01-17 18:11:33,092 - [DEBUG] - [INPUT] E Key Pressed
2026-01-17 18:11:33,225 - [DEBUG] - [INPUT] E Key Released (Hold: 138ms) Target: (52, 45)
2026-01-17 18:11:33,227 - [INFO] - [PLAYER] Interact with 8321006 at (52, 45) Mode: short
2026-01-17 18:11:47,098 - [DEBUG] - [INPUT] E Key Pressed
2026-01-17 18:11:47,208 - [DEBUG] - [INPUT] E Key Released (Hold: 107ms) Target: (93, 55)
2026-01-17 18:11:47,214 - [INFO] - [PLAYER] Interact with 5321207 at (93, 55) Mode: short
2026-01-17 18:11:48,880 - [DEBUG] - [INPUT] E Key Pressed
2026-01-17 18:11:48,976 - [DEBUG] - [INPUT] E Key Released (Hold: 96ms) Target: (95, 61)
2026-01-17 18:11:48,978 - [INFO] - [PLAYER] Interact with 5321025 at (95, 61) Mode: short
2026-01-17 18:11:49,479 - [DEBUG] - [INPUT] E Key Pressed
2026-01-17 18:11:50,886 - [DEBUG] - [INPUT] E Key Released (Hold: 1408ms) Target: (95, 61)
2026-01-17 18:11:50,888 - [INFO] - [PLAYER] Interact with 5321025 at (95, 61) Mode: long
2026-01-17 18:11:53,763 - [DEBUG] - [INPUT] E Key Pressed
2026-01-17 18:11:55,037 - [DEBUG] - [INPUT] E Key Released (Hold: 1274ms) Target: (94, 60)
2026-01-17 18:11:55,038 - [INFO] - [PLAYER] Interact with 8320214 at (94, 60) Mode: long
2026-01-17 18:11:55,566 - [DEBUG] - [INPUT] E Key Pressed
2026-01-17 18:11:57,111 - [DEBUG] - [INPUT] E Key Released (Hold: 1545ms) Target: (94, 60)
2026-01-17 18:11:57,112 - [INFO] - [PLAYER] Interact with 8320214 at (94, 60) Mode: long
2026-01-17 18:11:58,644 - [DEBUG] - [INPUT] E Key Pressed
2026-01-17 18:12:00,496 - [DEBUG] - [INPUT] E Key Released (Hold: 1852ms) Target: (95, 61)
2026-01-17 18:12:00,496 - [INFO] - [PLAYER] Interact with 5321025 at (95, 61) Mode: long
2026-01-17 18:12:07,365 - [DEBUG] - [INPUT] E Key Pressed
2026-01-17 18:12:07,469 - [DEBUG] - [INPUT] E Key Released (Hold: 108ms) Target: (93, 54)
2026-01-17 18:12:07,470 - [INFO] - [PLAYER] Interact with 5321207 at (93, 54) Mode: short
2026-01-17 18:12:09,592 - [INFO] - [SYSTEM] Engine Shutting Down
